<?xml version="1.0" encoding="UTF-8"?>
<!-- Generated by org.testng.reporters.JUnitXMLReporter -->
<testsuite ignored="0" hostname="IN-PG02NMB7" failures="0" tests="3" name="Default test" time="11.672" errors="0" timestamp="2024-10-13T14:26:12 IST">
  <testcase classname="testSuite.TestScenarios" name="verifyHomePageTitle" time="0.026"/>
  <testcase classname="testSuite.TestScenarios" name="verifyGovtBuses" time="1.125"/>
  <testcase classname="testSuite.TestScenarios" name="verifySearchBuses" time="4.859"/>
</testsuite> <!-- Default test -->
