<?xml version="1.0" encoding="UTF-8"?>
<!-- Generated by org.testng.reporters.JUnitXMLReporter -->
<testsuite ignored="1" hostname="IN-PG02NMB7" failures="1" tests="1" name="Test" time="0.038" errors="0" timestamp="2024-04-21T22:38:18 IST">
  <testcase classname="testSuite.TestScenarios" name="verifyHomePageTitle" time="0.007">
    <failure type="java.lang.NullPointerException" message="Cannot invoke &amp;quot;org.openqa.selenium.WebDriver.getTitle()&amp;quot; because &amp;quot;testSuite.TestScenarios.driver&amp;quot; is null">
      <![CDATA[java.lang.NullPointerException: Cannot invoke "org.openqa.selenium.WebDriver.getTitle()" because "testSuite.TestScenarios.driver" is null
at testSuite.TestScenarios.verifyHomePageTitle(TestScenarios.java:20)
at java.base/java.util.ArrayList.forEach(ArrayList.java:1511)
... Removed 27 stack frames]]>
    </failure>
  </testcase> <!-- verifyHomePageTitle -->
  <testcase classname="testSuite.TestScenarios" name="verifySearchBuses" time="0.0">
    <ignored/>
  </testcase> <!-- verifySearchBuses -->
</testsuite> <!-- Test -->
