<?xml version="1.0" encoding="UTF-8"?>
<testng-results ignored="0" total="3" passed="3" failed="0" skipped="0">
  <reporter-output>
  </reporter-output>
  <suite started-at="2024-10-13T14:26:00 IST" name="Default suite" finished-at="2024-10-13T14:26:12 IST" duration-ms="11672">
    <groups>
      <group name="regression">
        <method signature="TestScenarios.verifySearchBuses()[pri:2, instance:testSuite.TestScenarios@16293aa2]" name="verifySearchBuses" class="testSuite.TestScenarios"/>
      </group> <!-- regression -->
      <group name="smoke">
        <method signature="TestScenarios.verifyGovtBuses()[pri:1, instance:testSuite.TestScenarios@16293aa2]" name="verifyGovtBuses" class="testSuite.TestScenarios"/>
        <method signature="TestScenarios.verifyHomePageTitle()[pri:0, instance:testSuite.TestScenarios@16293aa2]" name="verifyHomePageTitle" class="testSuite.TestScenarios"/>
      </group> <!-- smoke -->
    </groups>
    <test started-at="2024-10-13T14:26:00 IST" name="Default test" finished-at="2024-10-13T14:26:12 IST" duration-ms="11672">
      <class name="testSuite.TestScenarios">
        <test-method is-config="true" signature="beforeSuite()[pri:0, instance:testSuite.TestScenarios@16293aa2]" started-at="2024-10-13T14:26:00 IST" name="beforeSuite" finished-at="2024-10-13T14:26:00 IST" duration-ms="15" status="PASS">
          <reporter-output>
          </reporter-output>
        </test-method> <!-- beforeSuite -->
        <test-method is-config="true" signature="beforeTest()[pri:0, instance:testSuite.TestScenarios@16293aa2]" started-at="2024-10-13T14:26:00 IST" name="beforeTest" finished-at="2024-10-13T14:26:03 IST" duration-ms="2470" status="PASS">
          <reporter-output>
          </reporter-output>
        </test-method> <!-- beforeTest -->
        <test-method is-config="true" signature="openURl()[pri:0, instance:testSuite.TestScenarios@16293aa2]" started-at="2024-10-13T14:26:03 IST" name="openURl" finished-at="2024-10-13T14:26:04 IST" duration-ms="1110" status="PASS">
          <reporter-output>
          </reporter-output>
        </test-method> <!-- openURl -->
        <test-method signature="verifyHomePageTitle()[pri:0, instance:testSuite.TestScenarios@16293aa2]" started-at="2024-10-13T14:26:04 IST" name="verifyHomePageTitle" finished-at="2024-10-13T14:26:04 IST" duration-ms="26" status="PASS">
          <reporter-output>
          </reporter-output>
        </test-method> <!-- verifyHomePageTitle -->
        <test-method is-config="true" signature="afterMethod(org.testng.ITestResult)[pri:0, instance:testSuite.TestScenarios@16293aa2]" started-at="2024-10-13T14:26:04 IST" name="afterMethod" finished-at="2024-10-13T14:26:04 IST" duration-ms="4" status="PASS">
          <params>
            <param index="0">
              <value>
                <![CDATA[[TestResult name=verifyHomePageTitle status=SUCCESS method=TestScenarios.verifyHomePageTitle()[pri:0, instance:testSuite.TestScenarios@16293aa2] output={null}]]]>
              </value>
            </param>
          </params>
          <reporter-output>
          </reporter-output>
        </test-method> <!-- afterMethod -->
        <test-method is-config="true" signature="openURl()[pri:0, instance:testSuite.TestScenarios@16293aa2]" started-at="2024-10-13T14:26:04 IST" name="openURl" finished-at="2024-10-13T14:26:04 IST" duration-ms="649" status="PASS">
          <reporter-output>
          </reporter-output>
        </test-method> <!-- openURl -->
        <test-method signature="verifyGovtBuses()[pri:1, instance:testSuite.TestScenarios@16293aa2]" started-at="2024-10-13T14:26:04 IST" name="verifyGovtBuses" finished-at="2024-10-13T14:26:06 IST" duration-ms="1125" status="PASS">
          <reporter-output>
          </reporter-output>
        </test-method> <!-- verifyGovtBuses -->
        <test-method is-config="true" signature="afterMethod(org.testng.ITestResult)[pri:0, instance:testSuite.TestScenarios@16293aa2]" started-at="2024-10-13T14:26:06 IST" name="afterMethod" finished-at="2024-10-13T14:26:06 IST" duration-ms="1" status="PASS">
          <params>
            <param index="0">
              <value>
                <![CDATA[[TestResult name=verifyGovtBuses status=SUCCESS method=TestScenarios.verifyGovtBuses()[pri:1, instance:testSuite.TestScenarios@16293aa2] output={null}]]]>
              </value>
            </param>
          </params>
          <reporter-output>
          </reporter-output>
        </test-method> <!-- afterMethod -->
        <test-method is-config="true" signature="openURl()[pri:0, instance:testSuite.TestScenarios@16293aa2]" started-at="2024-10-13T14:26:06 IST" name="openURl" finished-at="2024-10-13T14:26:06 IST" duration-ms="816" status="PASS">
          <reporter-output>
          </reporter-output>
        </test-method> <!-- openURl -->
        <test-method signature="verifySearchBuses()[pri:2, instance:testSuite.TestScenarios@16293aa2]" started-at="2024-10-13T14:26:06 IST" name="verifySearchBuses" finished-at="2024-10-13T14:26:11 IST" duration-ms="4859" status="PASS">
          <reporter-output>
          </reporter-output>
        </test-method> <!-- verifySearchBuses -->
        <test-method is-config="true" signature="afterMethod(org.testng.ITestResult)[pri:0, instance:testSuite.TestScenarios@16293aa2]" started-at="2024-10-13T14:26:11 IST" name="afterMethod" finished-at="2024-10-13T14:26:11 IST" duration-ms="0" status="PASS">
          <params>
            <param index="0">
              <value>
                <![CDATA[[TestResult name=verifySearchBuses status=SUCCESS method=TestScenarios.verifySearchBuses()[pri:2, instance:testSuite.TestScenarios@16293aa2] output={null}]]]>
              </value>
            </param>
          </params>
          <reporter-output>
          </reporter-output>
        </test-method> <!-- afterMethod -->
        <test-method is-config="true" signature="afterTest()[pri:0, instance:testSuite.TestScenarios@16293aa2]" started-at="2024-10-13T14:26:11 IST" name="afterTest" finished-at="2024-10-13T14:26:12 IST" duration-ms="563" status="PASS">
          <reporter-output>
          </reporter-output>
        </test-method> <!-- afterTest -->
      </class> <!-- testSuite.TestScenarios -->
    </test> <!-- Default test -->
  </suite> <!-- Default suite -->
</testng-results>
